0 info it worked if it ends with ok
1 verbose cli [ 'node', '/usr/local/bin/npm', 'install', '--save-dev', 'sleep' ]
2 info using npm@1.3.22
3 info using node@v0.11.10
4 verbose readDependencies using package.json deps
5 verbose cache add [ 'sleep', null ]
6 verbose cache add name=undefined spec="sleep" args=["sleep",null]
7 verbose parsed url { protocol: null,
7 verbose parsed url   slashes: null,
7 verbose parsed url   auth: null,
7 verbose parsed url   host: null,
7 verbose parsed url   port: null,
7 verbose parsed url   hostname: null,
7 verbose parsed url   hash: null,
7 verbose parsed url   search: null,
7 verbose parsed url   query: null,
7 verbose parsed url   pathname: 'sleep',
7 verbose parsed url   path: 'sleep',
7 verbose parsed url   href: 'sleep' }
8 silly lockFile c3ca5f78-sleep sleep
9 verbose lock sleep /Users/Yoko/.npm/c3ca5f78-sleep.lock
10 silly lockFile c3ca5f78-sleep sleep
11 silly lockFile c3ca5f78-sleep sleep
12 verbose addNamed [ 'sleep', '' ]
13 verbose addNamed [ null, '*' ]
14 silly lockFile e2b4ed60-sleep sleep@
15 verbose lock sleep@ /Users/Yoko/.npm/e2b4ed60-sleep.lock
16 silly addNameRange { name: 'sleep', range: '*', hasData: false }
17 verbose url raw sleep
18 verbose url resolving [ 'https://registry.npmjs.org/', './sleep' ]
19 verbose url resolved https://registry.npmjs.org/sleep
20 info trying registry request attempt 1 at 15:59:22
21 http GET https://registry.npmjs.org/sleep
22 http 200 https://registry.npmjs.org/sleep
23 silly registry.get cb [ 200,
23 silly registry.get   { date: 'Sun, 13 Apr 2014 06:59:23 GMT',
23 silly registry.get     server: 'CouchDB/1.5.0 (Erlang OTP/R14B04)',
23 silly registry.get     etag: '"BD8X0GU5D3UUE56YABHCORDJU"',
23 silly registry.get     'content-type': 'application/json',
23 silly registry.get     via: '1.1 varnish',
23 silly registry.get     'cache-control': 'max-age=1',
23 silly registry.get     'content-length': '8935',
23 silly registry.get     'accept-ranges': 'bytes',
23 silly registry.get     age: '112',
23 silly registry.get     'x-served-by': 'cache-v36-ASH, cache-ty67-TYO',
23 silly registry.get     'x-cache': 'MISS, MISS',
23 silly registry.get     'x-cache-hits': '0, 0',
23 silly registry.get     'x-timer': 'S1397372363.065683603,VS0,VS85,VE127,VE212',
23 silly registry.get     vary: 'Accept',
23 silly registry.get     connection: 'close' } ]
24 silly addNameRange number 2 { name: 'sleep', range: '*', hasData: true }
25 silly addNameRange versions [ 'sleep',
25 silly addNameRange   [ '1.0.0',
25 silly addNameRange     '1.0.1',
25 silly addNameRange     '1.0.2',
25 silly addNameRange     '1.1.0',
25 silly addNameRange     '1.1.1',
25 silly addNameRange     '1.1.2',
25 silly addNameRange     '1.1.3',
25 silly addNameRange     '1.1.4' ] ]
26 verbose addNamed [ 'sleep', '1.1.4' ]
27 verbose addNamed [ '1.1.4', '1.1.4' ]
28 silly lockFile 1d9add0e-sleep-1-1-4 sleep@1.1.4
29 verbose lock sleep@1.1.4 /Users/Yoko/.npm/1d9add0e-sleep-1-1-4.lock
30 silly lockFile 7235fa48--npmjs-org-sleep-sleep-1-1-4-tgz https://registry.npmjs.org/sleep/-/sleep-1.1.4.tgz
31 verbose lock https://registry.npmjs.org/sleep/-/sleep-1.1.4.tgz /Users/Yoko/.npm/7235fa48--npmjs-org-sleep-sleep-1-1-4-tgz.lock
32 verbose addRemoteTarball [ 'https://registry.npmjs.org/sleep/-/sleep-1.1.4.tgz',
32 verbose addRemoteTarball   '3f1435c20c0189e190a3b995143ce7b24613db32' ]
33 info retry fetch attempt 1 at 15:59:23
34 verbose fetch to= /var/folders/f5/c5f2kp9x547dld9x42yx2h3m0000gn/T/npm-18593-baZEZeYw/1397372363184-0.47616015234962106/tmp.tgz
35 http GET https://registry.npmjs.org/sleep/-/sleep-1.1.4.tgz
36 http 200 https://registry.npmjs.org/sleep/-/sleep-1.1.4.tgz
37 verbose tar unpack /var/folders/f5/c5f2kp9x547dld9x42yx2h3m0000gn/T/npm-18593-baZEZeYw/1397372363184-0.47616015234962106/tmp.tgz
38 silly lockFile eb74ee21-3184-0-47616015234962106-package tar:///var/folders/f5/c5f2kp9x547dld9x42yx2h3m0000gn/T/npm-18593-baZEZeYw/1397372363184-0.47616015234962106/package
39 verbose lock tar:///var/folders/f5/c5f2kp9x547dld9x42yx2h3m0000gn/T/npm-18593-baZEZeYw/1397372363184-0.47616015234962106/package /Users/Yoko/.npm/eb74ee21-3184-0-47616015234962106-package.lock
40 silly lockFile 38d898f8-3184-0-47616015234962106-tmp-tgz tar:///var/folders/f5/c5f2kp9x547dld9x42yx2h3m0000gn/T/npm-18593-baZEZeYw/1397372363184-0.47616015234962106/tmp.tgz
41 verbose lock tar:///var/folders/f5/c5f2kp9x547dld9x42yx2h3m0000gn/T/npm-18593-baZEZeYw/1397372363184-0.47616015234962106/tmp.tgz /Users/Yoko/.npm/38d898f8-3184-0-47616015234962106-tmp-tgz.lock
42 silly gunzTarPerm modes [ '755', '644' ]
43 silly gunzTarPerm extractEntry package.json
44 silly gunzTarPerm extractEntry .npmignore
45 silly gunzTarPerm extractEntry README.md
46 silly gunzTarPerm extractEntry test.js
47 silly gunzTarPerm extractEntry build.js
48 silly gunzTarPerm extractEntry .jshintrc
49 silly gunzTarPerm extractEntry .jshintignore
50 silly gunzTarPerm extractEntry lib/binary_name.js
51 silly gunzTarPerm extractEntry lib/index.js
52 silly gunzTarPerm extractEntry binding.gyp
53 silly gunzTarPerm extractEntry sleep.cc
54 silly gunzTarPerm extractEntry build-util/tools.js
55 silly lockFile eb74ee21-3184-0-47616015234962106-package tar:///var/folders/f5/c5f2kp9x547dld9x42yx2h3m0000gn/T/npm-18593-baZEZeYw/1397372363184-0.47616015234962106/package
56 silly lockFile eb74ee21-3184-0-47616015234962106-package tar:///var/folders/f5/c5f2kp9x547dld9x42yx2h3m0000gn/T/npm-18593-baZEZeYw/1397372363184-0.47616015234962106/package
57 silly lockFile 38d898f8-3184-0-47616015234962106-tmp-tgz tar:///var/folders/f5/c5f2kp9x547dld9x42yx2h3m0000gn/T/npm-18593-baZEZeYw/1397372363184-0.47616015234962106/tmp.tgz
58 silly lockFile 38d898f8-3184-0-47616015234962106-tmp-tgz tar:///var/folders/f5/c5f2kp9x547dld9x42yx2h3m0000gn/T/npm-18593-baZEZeYw/1397372363184-0.47616015234962106/tmp.tgz
59 verbose tar pack [ '/Users/Yoko/.npm/sleep/1.1.4/package.tgz',
59 verbose tar pack   '/var/folders/f5/c5f2kp9x547dld9x42yx2h3m0000gn/T/npm-18593-baZEZeYw/1397372363184-0.47616015234962106/package' ]
60 verbose tarball /Users/Yoko/.npm/sleep/1.1.4/package.tgz
61 verbose folder /var/folders/f5/c5f2kp9x547dld9x42yx2h3m0000gn/T/npm-18593-baZEZeYw/1397372363184-0.47616015234962106/package
62 silly lockFile eb74ee21-3184-0-47616015234962106-package tar:///var/folders/f5/c5f2kp9x547dld9x42yx2h3m0000gn/T/npm-18593-baZEZeYw/1397372363184-0.47616015234962106/package
63 verbose lock tar:///var/folders/f5/c5f2kp9x547dld9x42yx2h3m0000gn/T/npm-18593-baZEZeYw/1397372363184-0.47616015234962106/package /Users/Yoko/.npm/eb74ee21-3184-0-47616015234962106-package.lock
64 silly lockFile b988685c-Yoko-npm-sleep-1-1-4-package-tgz tar:///Users/Yoko/.npm/sleep/1.1.4/package.tgz
65 verbose lock tar:///Users/Yoko/.npm/sleep/1.1.4/package.tgz /Users/Yoko/.npm/b988685c-Yoko-npm-sleep-1-1-4-package-tgz.lock
66 silly lockFile eb74ee21-3184-0-47616015234962106-package tar:///var/folders/f5/c5f2kp9x547dld9x42yx2h3m0000gn/T/npm-18593-baZEZeYw/1397372363184-0.47616015234962106/package
67 silly lockFile eb74ee21-3184-0-47616015234962106-package tar:///var/folders/f5/c5f2kp9x547dld9x42yx2h3m0000gn/T/npm-18593-baZEZeYw/1397372363184-0.47616015234962106/package
68 silly lockFile b988685c-Yoko-npm-sleep-1-1-4-package-tgz tar:///Users/Yoko/.npm/sleep/1.1.4/package.tgz
69 silly lockFile b988685c-Yoko-npm-sleep-1-1-4-package-tgz tar:///Users/Yoko/.npm/sleep/1.1.4/package.tgz
70 silly lockFile 97c52a4d-ers-Yoko-npm-sleep-1-1-4-package /Users/Yoko/.npm/sleep/1.1.4/package
71 verbose lock /Users/Yoko/.npm/sleep/1.1.4/package /Users/Yoko/.npm/97c52a4d-ers-Yoko-npm-sleep-1-1-4-package.lock
72 silly lockFile 97c52a4d-ers-Yoko-npm-sleep-1-1-4-package /Users/Yoko/.npm/sleep/1.1.4/package
73 silly lockFile 97c52a4d-ers-Yoko-npm-sleep-1-1-4-package /Users/Yoko/.npm/sleep/1.1.4/package
74 verbose tar unpack /Users/Yoko/.npm/sleep/1.1.4/package.tgz
75 silly lockFile 5092b0a9-ers-Yoko-npm-sleep-1-1-4-package tar:///Users/Yoko/.npm/sleep/1.1.4/package
76 verbose lock tar:///Users/Yoko/.npm/sleep/1.1.4/package /Users/Yoko/.npm/5092b0a9-ers-Yoko-npm-sleep-1-1-4-package.lock
77 silly lockFile b988685c-Yoko-npm-sleep-1-1-4-package-tgz tar:///Users/Yoko/.npm/sleep/1.1.4/package.tgz
78 verbose lock tar:///Users/Yoko/.npm/sleep/1.1.4/package.tgz /Users/Yoko/.npm/b988685c-Yoko-npm-sleep-1-1-4-package-tgz.lock
79 silly gunzTarPerm modes [ '755', '644' ]
80 silly gunzTarPerm extractEntry package.json
81 silly gunzTarPerm extractEntry .npmignore
82 silly gunzTarPerm extractEntry README.md
83 silly gunzTarPerm extractEntry test.js
84 silly gunzTarPerm extractEntry build.js
85 silly gunzTarPerm extractEntry .jshintrc
86 silly gunzTarPerm extractEntry .jshintignore
87 silly gunzTarPerm extractEntry lib/binary_name.js
88 silly gunzTarPerm extractEntry lib/index.js
89 silly gunzTarPerm extractEntry binding.gyp
90 silly gunzTarPerm extractEntry sleep.cc
91 silly gunzTarPerm extractEntry build-util/tools.js
92 silly lockFile 5092b0a9-ers-Yoko-npm-sleep-1-1-4-package tar:///Users/Yoko/.npm/sleep/1.1.4/package
93 silly lockFile 5092b0a9-ers-Yoko-npm-sleep-1-1-4-package tar:///Users/Yoko/.npm/sleep/1.1.4/package
94 silly lockFile b988685c-Yoko-npm-sleep-1-1-4-package-tgz tar:///Users/Yoko/.npm/sleep/1.1.4/package.tgz
95 silly lockFile b988685c-Yoko-npm-sleep-1-1-4-package-tgz tar:///Users/Yoko/.npm/sleep/1.1.4/package.tgz
96 verbose chmod /Users/Yoko/.npm/sleep/1.1.4/package.tgz 644
97 verbose chown /Users/Yoko/.npm/sleep/1.1.4/package.tgz [ 501, 20 ]
98 silly lockFile 7235fa48--npmjs-org-sleep-sleep-1-1-4-tgz https://registry.npmjs.org/sleep/-/sleep-1.1.4.tgz
99 silly lockFile 7235fa48--npmjs-org-sleep-sleep-1-1-4-tgz https://registry.npmjs.org/sleep/-/sleep-1.1.4.tgz
100 silly lockFile 1d9add0e-sleep-1-1-4 sleep@1.1.4
101 silly lockFile 1d9add0e-sleep-1-1-4 sleep@1.1.4
102 silly lockFile e2b4ed60-sleep sleep@
103 silly lockFile e2b4ed60-sleep sleep@
104 silly resolved [ { name: 'sleep',
104 silly resolved     version: '1.1.4',
104 silly resolved     main: './lib/index.js',
104 silly resolved     description: 'Add sleep() and usleep() to nodejs',
104 silly resolved     homepage: 'http://github.com/ErikDubbelboer/node-sleep',
104 silly resolved     author: { name: 'Erik Dubbelboer', email: 'erik@dubbelboer.com' },
104 silly resolved     engines: { node: '>=0.4.0' },
104 silly resolved     keywords: [ 'sleep', 'usleep' ],
104 silly resolved     repository:
104 silly resolved      { type: 'git',
104 silly resolved        url: 'https://github.com/ErikDubbelboer/node-sleep.git' },
104 silly resolved     repositories: [ [Object] ],
104 silly resolved     dependencies: { mkdirp: '~0.3.5' },
104 silly resolved     scripts: { install: 'node build.js || nodejs build.js' },
104 silly resolved     gypfile: true,
104 silly resolved     readme: 'sleep\n=====\n\nAdd `sleep()` and `usleep()` to nodejs.\n\nThis is mainly useful for debugging.\n\n**Sleep will block execution of all javascript!**\n===================================================\n\nOn windows the module will fall back to a while loop which will use 100% CPU!\n\nUsage\n-----\n\n`var sleep = require(\'sleep\');`\n\n* `sleep.sleep(n)`: sleep for n seconds\n* `sleep.usleep(n)`: sleep for n microseconds (1 second is 1000000 microseconds)\n\nUpdate\n------\n\nNow bulids properly using node-gyp :)\n\n',
104 silly resolved     readmeFilename: 'README.md',
104 silly resolved     bugs: { url: 'https://github.com/ErikDubbelboer/node-sleep/issues' },
104 silly resolved     _id: 'sleep@1.1.4',
104 silly resolved     dist: { shasum: 'd964f373c334a6b14ea7fc8113558ef8668955bd' },
104 silly resolved     _from: 'sleep@',
104 silly resolved     _resolved: 'https://registry.npmjs.org/sleep/-/sleep-1.1.4.tgz' } ]
105 info install sleep@1.1.4 into /Users/Yoko/Documents/auto_commit/auto-committer-backend-nw
106 info installOne sleep@1.1.4
107 info /Users/Yoko/Documents/auto_commit/auto-committer-backend-nw/node_modules/sleep unbuild
108 verbose tar unpack /Users/Yoko/.npm/sleep/1.1.4/package.tgz
109 silly lockFile 7f929c0a-er-backend-nw-node-modules-sleep tar:///Users/Yoko/Documents/auto_commit/auto-committer-backend-nw/node_modules/sleep
110 verbose lock tar:///Users/Yoko/Documents/auto_commit/auto-committer-backend-nw/node_modules/sleep /Users/Yoko/.npm/7f929c0a-er-backend-nw-node-modules-sleep.lock
111 silly lockFile b988685c-Yoko-npm-sleep-1-1-4-package-tgz tar:///Users/Yoko/.npm/sleep/1.1.4/package.tgz
112 verbose lock tar:///Users/Yoko/.npm/sleep/1.1.4/package.tgz /Users/Yoko/.npm/b988685c-Yoko-npm-sleep-1-1-4-package-tgz.lock
113 silly gunzTarPerm modes [ '755', '644' ]
114 silly gunzTarPerm extractEntry package.json
115 silly gunzTarPerm extractEntry .npmignore
116 silly gunzTarPerm extractEntry README.md
117 silly gunzTarPerm extractEntry test.js
118 silly gunzTarPerm extractEntry build.js
119 silly gunzTarPerm extractEntry .jshintrc
120 silly gunzTarPerm extractEntry .jshintignore
121 silly gunzTarPerm extractEntry lib/binary_name.js
122 silly gunzTarPerm extractEntry lib/index.js
123 silly gunzTarPerm extractEntry binding.gyp
124 silly gunzTarPerm extractEntry sleep.cc
125 silly gunzTarPerm extractEntry build-util/tools.js
126 silly lockFile 7f929c0a-er-backend-nw-node-modules-sleep tar:///Users/Yoko/Documents/auto_commit/auto-committer-backend-nw/node_modules/sleep
127 silly lockFile 7f929c0a-er-backend-nw-node-modules-sleep tar:///Users/Yoko/Documents/auto_commit/auto-committer-backend-nw/node_modules/sleep
128 silly lockFile b988685c-Yoko-npm-sleep-1-1-4-package-tgz tar:///Users/Yoko/.npm/sleep/1.1.4/package.tgz
129 silly lockFile b988685c-Yoko-npm-sleep-1-1-4-package-tgz tar:///Users/Yoko/.npm/sleep/1.1.4/package.tgz
130 info preinstall sleep@1.1.4
131 verbose readDependencies using package.json deps
132 verbose readDependencies using package.json deps
133 verbose cache add [ 'mkdirp@~0.3.5', null ]
134 verbose cache add name=undefined spec="mkdirp@~0.3.5" args=["mkdirp@~0.3.5",null]
135 verbose parsed url { protocol: null,
135 verbose parsed url   slashes: null,
135 verbose parsed url   auth: null,
135 verbose parsed url   host: null,
135 verbose parsed url   port: null,
135 verbose parsed url   hostname: null,
135 verbose parsed url   hash: null,
135 verbose parsed url   search: null,
135 verbose parsed url   query: null,
135 verbose parsed url   pathname: 'mkdirp@~0.3.5',
135 verbose parsed url   path: 'mkdirp@~0.3.5',
135 verbose parsed url   href: 'mkdirp@~0.3.5' }
136 verbose cache add name="mkdirp" spec="~0.3.5" args=["mkdirp","~0.3.5"]
137 verbose parsed url { protocol: null,
137 verbose parsed url   slashes: null,
137 verbose parsed url   auth: null,
137 verbose parsed url   host: null,
137 verbose parsed url   port: null,
137 verbose parsed url   hostname: null,
137 verbose parsed url   hash: null,
137 verbose parsed url   search: null,
137 verbose parsed url   query: null,
137 verbose parsed url   pathname: '~0.3.5',
137 verbose parsed url   path: '~0.3.5',
137 verbose parsed url   href: '~0.3.5' }
138 verbose addNamed [ 'mkdirp', '~0.3.5' ]
139 verbose addNamed [ null, '>=0.3.5-0 <0.4.0-0' ]
140 silly lockFile c3f0fe9b-mkdirp-0-3-5 mkdirp@~0.3.5
141 verbose lock mkdirp@~0.3.5 /Users/Yoko/.npm/c3f0fe9b-mkdirp-0-3-5.lock
142 silly addNameRange { name: 'mkdirp', range: '>=0.3.5-0 <0.4.0-0', hasData: false }
143 verbose url raw mkdirp
144 verbose url resolving [ 'https://registry.npmjs.org/', './mkdirp' ]
145 verbose url resolved https://registry.npmjs.org/mkdirp
146 info trying registry request attempt 1 at 15:59:23
147 verbose etag "D0OSIRXBBPJV5JUJHAB2DMBB4"
148 http GET https://registry.npmjs.org/mkdirp
149 http 304 https://registry.npmjs.org/mkdirp
150 silly registry.get cb [ 304,
150 silly registry.get   { date: 'Sun, 13 Apr 2014 06:59:24 GMT',
150 silly registry.get     server: 'Apache',
150 silly registry.get     via: '1.1 varnish',
150 silly registry.get     'last-modified': 'Sun, 13 Apr 2014 06:59:20 GMT',
150 silly registry.get     'cache-control': 'max-age=1',
150 silly registry.get     etag: '"D0OSIRXBBPJV5JUJHAB2DMBB4"',
150 silly registry.get     'x-served-by': 'cache-ty66-TYO',
150 silly registry.get     'x-cache': 'HIT',
150 silly registry.get     'x-cache-hits': '2',
150 silly registry.get     'x-timer': 'S1397372364.258625031,VS0,VE0',
150 silly registry.get     vary: 'Accept',
150 silly registry.get     'content-length': '0',
150 silly registry.get     connection: 'close' } ]
151 verbose etag mkdirp from cache
152 silly addNameRange number 2 { name: 'mkdirp', range: '>=0.3.5-0 <0.4.0-0', hasData: true }
153 silly addNameRange versions [ 'mkdirp',
153 silly addNameRange   [ '0.0.1',
153 silly addNameRange     '0.0.2',
153 silly addNameRange     '0.0.3',
153 silly addNameRange     '0.0.4',
153 silly addNameRange     '0.0.5',
153 silly addNameRange     '0.0.6',
153 silly addNameRange     '0.0.7',
153 silly addNameRange     '0.1.0',
153 silly addNameRange     '0.2.0',
153 silly addNameRange     '0.2.1',
153 silly addNameRange     '0.2.2',
153 silly addNameRange     '0.3.0',
153 silly addNameRange     '0.3.1',
153 silly addNameRange     '0.3.2',
153 silly addNameRange     '0.3.3',
153 silly addNameRange     '0.3.4',
153 silly addNameRange     '0.3.5' ] ]
154 verbose addNamed [ 'mkdirp', '0.3.5' ]
155 verbose addNamed [ '0.3.5', '0.3.5' ]
156 silly lockFile 67d2df2a-mkdirp-0-3-5 mkdirp@0.3.5
157 verbose lock mkdirp@0.3.5 /Users/Yoko/.npm/67d2df2a-mkdirp-0-3-5.lock
158 silly lockFile 67d2df2a-mkdirp-0-3-5 mkdirp@0.3.5
159 silly lockFile 67d2df2a-mkdirp-0-3-5 mkdirp@0.3.5
160 silly lockFile c3f0fe9b-mkdirp-0-3-5 mkdirp@~0.3.5
161 silly lockFile c3f0fe9b-mkdirp-0-3-5 mkdirp@~0.3.5
162 silly resolved [ { name: 'mkdirp',
162 silly resolved     description: 'Recursively mkdir, like `mkdir -p`',
162 silly resolved     version: '0.3.5',
162 silly resolved     author:
162 silly resolved      { name: 'James Halliday',
162 silly resolved        email: 'mail@substack.net',
162 silly resolved        url: 'http://substack.net' },
162 silly resolved     main: './index',
162 silly resolved     keywords: [ 'mkdir', 'directory' ],
162 silly resolved     repository:
162 silly resolved      { type: 'git',
162 silly resolved        url: 'http://github.com/substack/node-mkdirp.git' },
162 silly resolved     scripts: { test: 'tap test/*.js' },
162 silly resolved     devDependencies: { tap: '~0.4.0' },
162 silly resolved     license: 'MIT',
162 silly resolved     readme: '# mkdirp\n\nLike `mkdir -p`, but in node.js!\n\n[![build status](https://secure.travis-ci.org/substack/node-mkdirp.png)](http://travis-ci.org/substack/node-mkdirp)\n\n# example\n\n## pow.js\n\n```js\nvar mkdirp = require(\'mkdirp\');\n    \nmkdirp(\'/tmp/foo/bar/baz\', function (err) {\n    if (err) console.error(err)\n    else console.log(\'pow!\')\n});\n```\n\nOutput\n\n```\npow!\n```\n\nAnd now /tmp/foo/bar/baz exists, huzzah!\n\n# methods\n\n```js\nvar mkdirp = require(\'mkdirp\');\n```\n\n## mkdirp(dir, mode, cb)\n\nCreate a new directory and any necessary subdirectories at `dir` with octal\npermission string `mode`.\n\nIf `mode` isn\'t specified, it defaults to `0777 & (~process.umask())`.\n\n`cb(err, made)` fires with the error or the first directory `made`\nthat had to be created, if any.\n\n## mkdirp.sync(dir, mode)\n\nSynchronously create a new directory and any necessary subdirectories at `dir`\nwith octal permission string `mode`.\n\nIf `mode` isn\'t specified, it defaults to `0777 & (~process.umask())`.\n\nReturns the first directory that had to be created, if any.\n\n# install\n\nWith [npm](http://npmjs.org) do:\n\n```\nnpm install mkdirp\n```\n\n# license\n\nMIT\n',
162 silly resolved     readmeFilename: 'readme.markdown',
162 silly resolved     bugs: { url: 'https://github.com/substack/node-mkdirp/issues' },
162 silly resolved     homepage: 'https://github.com/substack/node-mkdirp',
162 silly resolved     _id: 'mkdirp@0.3.5',
162 silly resolved     _from: 'mkdirp@~0.3.5' } ]
163 info install mkdirp@0.3.5 into /Users/Yoko/Documents/auto_commit/auto-committer-backend-nw/node_modules/sleep
164 info installOne mkdirp@0.3.5
165 info /Users/Yoko/Documents/auto_commit/auto-committer-backend-nw/node_modules/sleep/node_modules/mkdirp unbuild
166 verbose tar unpack /Users/Yoko/.npm/mkdirp/0.3.5/package.tgz
167 silly lockFile 709c13a3-odules-sleep-node-modules-mkdirp tar:///Users/Yoko/Documents/auto_commit/auto-committer-backend-nw/node_modules/sleep/node_modules/mkdirp
168 verbose lock tar:///Users/Yoko/Documents/auto_commit/auto-committer-backend-nw/node_modules/sleep/node_modules/mkdirp /Users/Yoko/.npm/709c13a3-odules-sleep-node-modules-mkdirp.lock
169 silly lockFile 6f982478-oko-npm-mkdirp-0-3-5-package-tgz tar:///Users/Yoko/.npm/mkdirp/0.3.5/package.tgz
170 verbose lock tar:///Users/Yoko/.npm/mkdirp/0.3.5/package.tgz /Users/Yoko/.npm/6f982478-oko-npm-mkdirp-0-3-5-package-tgz.lock
171 silly gunzTarPerm modes [ '755', '644' ]
172 silly gunzTarPerm extractEntry package.json
173 silly gunzTarPerm extractEntry .npmignore
174 silly gunzTarPerm extractEntry LICENSE
175 silly gunzTarPerm extractEntry index.js
176 silly gunzTarPerm extractEntry .travis.yml
177 silly gunzTarPerm extractEntry examples/pow.js
178 silly gunzTarPerm extractEntry readme.markdown
179 silly gunzTarPerm extractEntry test/chmod.js
180 silly gunzTarPerm extractEntry test/perm.js
181 silly gunzTarPerm extractEntry test/perm_sync.js
182 silly gunzTarPerm extractEntry test/race.js
183 silly gunzTarPerm extractEntry test/mkdirp.js
184 silly gunzTarPerm extractEntry test/return.js
185 silly gunzTarPerm extractEntry test/return_sync.js
186 silly gunzTarPerm extractEntry test/root.js
187 silly gunzTarPerm extractEntry test/sync.js
188 silly gunzTarPerm extractEntry test/umask.js
189 silly gunzTarPerm extractEntry test/clobber.js
190 silly gunzTarPerm extractEntry test/umask_sync.js
191 silly gunzTarPerm extractEntry test/rel.js
192 silly lockFile 709c13a3-odules-sleep-node-modules-mkdirp tar:///Users/Yoko/Documents/auto_commit/auto-committer-backend-nw/node_modules/sleep/node_modules/mkdirp
193 silly lockFile 709c13a3-odules-sleep-node-modules-mkdirp tar:///Users/Yoko/Documents/auto_commit/auto-committer-backend-nw/node_modules/sleep/node_modules/mkdirp
194 silly lockFile 6f982478-oko-npm-mkdirp-0-3-5-package-tgz tar:///Users/Yoko/.npm/mkdirp/0.3.5/package.tgz
195 silly lockFile 6f982478-oko-npm-mkdirp-0-3-5-package-tgz tar:///Users/Yoko/.npm/mkdirp/0.3.5/package.tgz
196 info preinstall mkdirp@0.3.5
197 verbose readDependencies using package.json deps
198 verbose readDependencies using package.json deps
199 silly resolved []
200 verbose about to build /Users/Yoko/Documents/auto_commit/auto-committer-backend-nw/node_modules/sleep/node_modules/mkdirp
201 info build /Users/Yoko/Documents/auto_commit/auto-committer-backend-nw/node_modules/sleep/node_modules/mkdirp
202 verbose linkStuff [ false,
202 verbose linkStuff   false,
202 verbose linkStuff   false,
202 verbose linkStuff   '/Users/Yoko/Documents/auto_commit/auto-committer-backend-nw/node_modules/sleep/node_modules' ]
203 info linkStuff mkdirp@0.3.5
204 verbose linkBins mkdirp@0.3.5
205 verbose linkMans mkdirp@0.3.5
206 verbose rebuildBundles mkdirp@0.3.5
207 info install mkdirp@0.3.5
208 info postinstall mkdirp@0.3.5
209 verbose about to build /Users/Yoko/Documents/auto_commit/auto-committer-backend-nw/node_modules/sleep
210 info build /Users/Yoko/Documents/auto_commit/auto-committer-backend-nw/node_modules/sleep
211 verbose linkStuff [ false,
211 verbose linkStuff   false,
211 verbose linkStuff   false,
211 verbose linkStuff   '/Users/Yoko/Documents/auto_commit/auto-committer-backend-nw/node_modules' ]
212 info linkStuff sleep@1.1.4
213 verbose linkBins sleep@1.1.4
214 verbose linkMans sleep@1.1.4
215 verbose rebuildBundles sleep@1.1.4
216 verbose rebuildBundles [ 'mkdirp' ]
217 info install sleep@1.1.4
218 verbose unsafe-perm in lifecycle true
219 info sleep@1.1.4 Failed to exec install script
220 info /Users/Yoko/Documents/auto_commit/auto-committer-backend-nw/node_modules/sleep unbuild
221 info preuninstall sleep@1.1.4
222 info uninstall sleep@1.1.4
223 verbose true,/Users/Yoko/Documents/auto_commit/auto-committer-backend-nw/node_modules,/Users/Yoko/Documents/auto_commit/auto-committer-backend-nw/node_modules unbuild sleep@1.1.4
224 info postuninstall sleep@1.1.4
225 error sleep@1.1.4 install: `node build.js || nodejs build.js`
225 error Exit status 127
226 error Failed at the sleep@1.1.4 install script.
226 error This is most likely a problem with the sleep package,
226 error not with npm itself.
226 error Tell the author that this fails on your system:
226 error     node build.js || nodejs build.js
226 error You can get their info via:
226 error     npm owner ls sleep
226 error There is likely additional logging output above.
227 error System Darwin 12.5.0
228 error command "node" "/usr/local/bin/npm" "install" "--save-dev" "sleep"
229 error cwd /Users/Yoko/Documents/auto_commit/auto-committer-backend-nw
230 error node -v v0.11.10
231 error npm -v 1.3.22
232 error code ELIFECYCLE
233 verbose exit [ 1, true ]
